{
  "RSpec": {
    "coverage": {
      "/Users/henryferrari/Makers/Projects/week5/makersbnb/app.rb": {
        "lines": [
          null,
          null,
          1,
          1,
          1,
          null,
          null,
          1,
          1,
          null,
          0,
          null,
          null,
          null,
          1,
          0,
          null,
          null,
          1,
          0,
          null,
          null,
          1,
          0,
          0,
          null,
          null,
          1,
          null
        ]
      },
      "/Users/henryferrari/Makers/Projects/week5/makersbnb/lib/booking.rb": {
        "lines": [
          null,
          null,
          1,
          1,
          1,
          null,
          null,
          1,
          1,
          null,
          null,
          null,
          null,
          null
        ]
      },
      "/Users/henryferrari/Makers/Projects/week5/makersbnb/lib/database_connection.rb": {
        "lines": [
          null,
          null,
          1,
          1,
          1,
          null,
          null,
          1,
          1,
          1,
          0,
          0,
          0,
          null,
          null,
          1,
          0,
          null,
          null,
          1,
          0,
          null,
          null,
          1,
          0,
          null,
          null,
          1,
          0,
          0,
          null,
          null,
          null,
          null,
          null,
          null,
          null,
          null,
          null,
          null,
          1,
          0,
          0,
          null,
          null,
          null,
          null,
          null,
          null,
          null,
          null,
          1,
          0,
          0,
          null,
          null,
          null,
          null,
          null,
          null,
          null,
          1,
          null,
          1,
          0,
          null,
          null,
          1,
          0,
          null,
          null,
          null
        ]
      },
      "/Users/henryferrari/Makers/Projects/week5/makersbnb/lib/property.rb": {
        "lines": [
          null,
          null,
          1,
          1,
          0,
          0,
          0,
          0,
          0,
          0,
          null,
          null,
          1,
          0,
          0,
          0,
          null,
          null,
          null,
          null
        ]
      },
      "/Users/henryferrari/Makers/Projects/week5/makersbnb/lib/user.rb": {
        "lines": [
          null,
          null,
          1,
          null
        ]
      },
      "/Users/henryferrari/Makers/Projects/week5/makersbnb/spec/booking_spec.rb": {
        "lines": [
          null,
          null,
          1,
          null,
          1,
          null
        ]
      },
      "/Users/henryferrari/Makers/Projects/week5/makersbnb/spec/features/make_a_booking_spec.rb": {
        "lines": [
          1,
          1,
          1,
          0,
          0,
          null,
          0,
          0,
          0,
          0,
          0,
          null,
          null,
          0,
          null,
          0,
          0,
          null,
          null
        ]
      },
      "/Users/henryferrari/Makers/Projects/week5/makersbnb/spec/features/view_properties_spec.rb": {
        "lines": [
          null,
          null,
          1,
          1,
          1,
          0,
          0,
          null,
          null
        ]
      },
      "/Users/henryferrari/Makers/Projects/week5/makersbnb/spec/property_spec.rb": {
        "lines": [
          null,
          null,
          1,
          null,
          1,
          1,
          1,
          1,
          null,
          1,
          0,
          null,
          0,
          null,
          0,
          0,
          0,
          0,
          0,
          null,
          null,
          null,
          null
        ]
      },
      "/Users/henryferrari/Makers/Projects/week5/makersbnb/spec/user_spec.rb": {
        "lines": [
          null,
          null,
          1,
          null,
          1,
          null
        ]
      }
    },
    "timestamp": 1647949173
  }
}
